-------------------------------------------------------------------------------
Test set: com.github.qintarra.jenkins.AppTest
-------------------------------------------------------------------------------
Tests run: 5, Failures: 1, Errors: 0, Skipped: 1, Time elapsed: 0.061 s <<< FAILURE! - in com.github.qintarra.jenkins.AppTest
testShouldBeFailed(com.github.qintarra.jenkins.AppTest)  Time elapsed: 0.008 s  <<< FAILURE!
java.lang.AssertionError
	at com.github.qintarra.jenkins.AppTest.testShouldBeFailed(AppTest.java:20)

